[ 2015-05-16T09:01:02+08:00 ] 0.0.0.0 /think_book/
INFO: [ app_begin ] --START--
INFO: Run ReadHtmlCache Behavior [ RunTime:0.026001s ]
INFO: [ app_begin ] --END-- [ RunTime:0.051003s ]
SQL: SHOW COLUMNS FROM `book` [ RunTime:0.074004s ]
SQL: SELECT * FROM `book`  [ RunTime:0.004001s ]
INFO: [ view_template ] --START--
INFO: Run LocationTemplate Behavior [ RunTime:0.066003s ]
INFO: [ view_template ] --END-- [ RunTime:0.066003s ]
INFO: [ view_parse ] --START--
NOTIC: [8] Undefined index: id F:\WWW\think_book\Home\Runtime\Cache\7e4848229090366086cc7eeb3bfc0798.php 第 38 行.
NOTIC: [8] Undefined index: totalNum F:\WWW\think_book\Home\Runtime\Cache\7e4848229090366086cc7eeb3bfc0798.php 第 58 行.
INFO: Run ParseTemplate Behavior [ RunTime:0.200012s ]
INFO: [ view_parse ] --END-- [ RunTime:0.200012s ]
INFO: [ view_filter ] --START--
INFO: Run ContentReplace Behavior [ RunTime:0.020001s ]
INFO: Run TokenBuild Behavior [ RunTime:0.010001s ]
INFO: Run WriteHtmlCache Behavior [ RunTime:0.004000s ]
INFO: Run ShowRuntime Behavior [ RunTime:0.005000s ]
INFO: [ view_filter ] --END-- [ RunTime:0.039002s ]
INFO: [ view_end ] --START--
INFO: Run ShowPageTrace Behavior [ RunTime:0.040002s ]
INFO: [ view_end ] --END-- [ RunTime:0.040002s ]

[ 2015-05-16T09:01:53+08:00 ] 0.0.0.0 /think_book/index.php/Category/category?type=1
INFO: [ route_check ] --START--
INFO: Run CheckRoute Behavior [ RunTime:0.072004s ]
INFO: [ route_check ] --END-- [ RunTime:0.072004s ]
INFO: [ app_begin ] --START--
INFO: Run ReadHtmlCache Behavior [ RunTime:0.003000s ]
INFO: [ app_begin ] --END-- [ RunTime:0.003000s ]
NOTIC: [2048] Declaration of CategoryAction::show() should be compatible with that of Action::show() F:\WWW\think_book\Home\Lib\Action\CategoryAction.class.php 第 32 行.
SQL: SHOW COLUMNS FROM `book` [ RunTime:0.011001s ]
SQL: SELECT COUNT(*) AS tp_count FROM `book` WHERE ( `type` = 1 ) LIMIT 1   [ RunTime:0.035002s ]
SQL: SELECT * FROM `book` WHERE ( `type` = 1 ) LIMIT 0,8   [ RunTime:0.002000s ]
INFO: [ view_template ] --START--
INFO: Run LocationTemplate Behavior [ RunTime:0.005000s ]
INFO: [ view_template ] --END-- [ RunTime:0.005000s ]
INFO: [ view_parse ] --START--
NOTIC: [8] Undefined index: id F:\WWW\think_book\Home\Runtime\Cache\1c9d580361edd9da8d83d0da135bee28.php 第 67 行.
NOTIC: [8] Undefined index: totalNum F:\WWW\think_book\Home\Runtime\Cache\1c9d580361edd9da8d83d0da135bee28.php 第 87 行.
INFO: Run ParseTemplate Behavior [ RunTime:0.054004s ]
INFO: [ view_parse ] --END-- [ RunTime:0.054004s ]
INFO: [ view_filter ] --START--
INFO: Run ContentReplace Behavior [ RunTime:0.002000s ]
INFO: Run TokenBuild Behavior [ RunTime:0.003000s ]
INFO: Run WriteHtmlCache Behavior [ RunTime:0.001000s ]
INFO: Run ShowRuntime Behavior [ RunTime:0.003000s ]
INFO: [ view_filter ] --END-- [ RunTime:0.009000s ]
INFO: [ view_end ] --START--
INFO: Run ShowPageTrace Behavior [ RunTime:0.002000s ]
INFO: [ view_end ] --END-- [ RunTime:0.003000s ]

[ 2015-05-16T09:02:00+08:00 ] 0.0.0.0 /think_book/index.php/Login/login
INFO: [ route_check ] --START--
INFO: Run CheckRoute Behavior [ RunTime:0.002000s ]
INFO: [ route_check ] --END-- [ RunTime:0.003000s ]
INFO: [ app_begin ] --START--
INFO: Run ReadHtmlCache Behavior [ RunTime:0.002000s ]
INFO: [ app_begin ] --END-- [ RunTime:0.003000s ]
NOTIC: [8] Undefined index: type F:\WWW\think_book\Home\Lib\Action\LoginAction.class.php 第 5 行.
INFO: [ view_template ] --START--
INFO: Run LocationTemplate Behavior [ RunTime:0.017001s ]
INFO: [ view_template ] --END-- [ RunTime:0.017001s ]
INFO: [ view_parse ] --START--
NOTIC: [8] Undefined variable: data F:\WWW\think_book\Home\Runtime\Cache\f0141568474d93d9ce184ea430bd6b17.php 第 47 行.
INFO: Run ParseTemplate Behavior [ RunTime:0.041002s ]
INFO: [ view_parse ] --END-- [ RunTime:0.041002s ]
INFO: [ view_filter ] --START--
INFO: Run ContentReplace Behavior [ RunTime:0.002000s ]
INFO: Run TokenBuild Behavior [ RunTime:0.001001s ]
INFO: Run WriteHtmlCache Behavior [ RunTime:0.001000s ]
INFO: Run ShowRuntime Behavior [ RunTime:0.001000s ]
INFO: [ view_filter ] --END-- [ RunTime:0.006001s ]
INFO: [ view_end ] --START--
INFO: Run ShowPageTrace Behavior [ RunTime:0.002000s ]
INFO: [ view_end ] --END-- [ RunTime:0.002000s ]

[ 2015-05-16T09:02:00+08:00 ] 0.0.0.0 /think_book/index.php/Public/code
INFO: [ route_check ] --START--
INFO: Run CheckRoute Behavior [ RunTime:0.000000s ]
INFO: [ route_check ] --END-- [ RunTime:0.001000s ]
INFO: [ app_begin ] --START--
INFO: Run ReadHtmlCache Behavior [ RunTime:0.000000s ]
INFO: [ app_begin ] --END-- [ RunTime:0.000000s ]

[ 2015-05-16T09:02:18+08:00 ] 0.0.0.0 /think_book/index.php/Login/doLogin?type=
INFO: [ route_check ] --START--
INFO: Run CheckRoute Behavior [ RunTime:0.002000s ]
INFO: [ route_check ] --END-- [ RunTime:0.002000s ]
INFO: [ app_begin ] --START--
INFO: Run ReadHtmlCache Behavior [ RunTime:0.001000s ]
INFO: [ app_begin ] --END-- [ RunTime:0.001000s ]
SQL: SHOW COLUMNS FROM `user` [ RunTime:0.080005s ]
SQL: SELECT `id` FROM `user` WHERE ( `username` = 'yanxiong' ) AND ( `password` = 'e10adc3949ba59abbe56e057f20f883e' ) LIMIT 1   [ RunTime:0.001000s ]
INFO: [ view_template ] --START--
INFO: Run LocationTemplate Behavior [ RunTime:0.001000s ]
INFO: [ view_template ] --END-- [ RunTime:0.002000s ]
INFO: [ view_parse ] --START--
INFO: Run ParseTemplate Behavior [ RunTime:0.023001s ]
INFO: [ view_parse ] --END-- [ RunTime:0.023001s ]
INFO: [ view_filter ] --START--
INFO: Run ContentReplace Behavior [ RunTime:0.002000s ]
INFO: Run TokenBuild Behavior [ RunTime:0.001000s ]
INFO: Run WriteHtmlCache Behavior [ RunTime:0.001001s ]
INFO: Run ShowRuntime Behavior [ RunTime:0.001000s ]
INFO: [ view_filter ] --END-- [ RunTime:0.007001s ]
INFO: [ view_end ] --START--
INFO: Run ShowPageTrace Behavior [ RunTime:0.003000s ]
INFO: [ view_end ] --END-- [ RunTime:0.003000s ]

[ 2015-05-16T09:02:20+08:00 ] 0.0.0.0 /think_book/index.php/Index/index
INFO: [ route_check ] --START--
INFO: Run CheckRoute Behavior [ RunTime:0.001000s ]
INFO: [ route_check ] --END-- [ RunTime:0.001000s ]
INFO: [ app_begin ] --START--
INFO: Run ReadHtmlCache Behavior [ RunTime:0.001000s ]
INFO: [ app_begin ] --END-- [ RunTime:0.001000s ]
SQL: SHOW COLUMNS FROM `book` [ RunTime:0.010000s ]
SQL: SELECT * FROM `book`  [ RunTime:0.003000s ]
INFO: [ view_template ] --START--
INFO: Run LocationTemplate Behavior [ RunTime:0.003000s ]
INFO: [ view_template ] --END-- [ RunTime:0.003000s ]
INFO: [ view_parse ] --START--
NOTIC: [8] Undefined index: totalNum F:\WWW\think_book\Home\Runtime\Cache\7e4848229090366086cc7eeb3bfc0798.php 第 58 行.
INFO: Run ParseTemplate Behavior [ RunTime:0.032002s ]
INFO: [ view_parse ] --END-- [ RunTime:0.032002s ]
INFO: [ view_filter ] --START--
INFO: Run ContentReplace Behavior [ RunTime:0.001000s ]
INFO: Run TokenBuild Behavior [ RunTime:0.001000s ]
INFO: Run WriteHtmlCache Behavior [ RunTime:0.001000s ]
INFO: Run ShowRuntime Behavior [ RunTime:0.001000s ]
INFO: [ view_filter ] --END-- [ RunTime:0.004000s ]
INFO: [ view_end ] --START--
INFO: Run ShowPageTrace Behavior [ RunTime:0.001000s ]
INFO: [ view_end ] --END-- [ RunTime:0.001000s ]

[ 2015-05-16T09:02:25+08:00 ] 0.0.0.0 /think_book/index.php/Category/show?id=1
INFO: [ route_check ] --START--
INFO: Run CheckRoute Behavior [ RunTime:0.001001s ]
INFO: [ route_check ] --END-- [ RunTime:0.001001s ]
INFO: [ app_begin ] --START--
INFO: Run ReadHtmlCache Behavior [ RunTime:0.001000s ]
INFO: [ app_begin ] --END-- [ RunTime:0.001000s ]
NOTIC: [2048] Declaration of CategoryAction::show() should be compatible with that of Action::show() F:\WWW\think_book\Home\Lib\Action\CategoryAction.class.php 第 32 行.
SQL: SHOW COLUMNS FROM `book` [ RunTime:0.011001s ]
SQL: SELECT * FROM `book` WHERE ( `bno` = 1 ) LIMIT 1   [ RunTime:0.077004s ]
INFO: [ view_template ] --START--
INFO: Run LocationTemplate Behavior [ RunTime:0.002000s ]
INFO: [ view_template ] --END-- [ RunTime:0.002000s ]
INFO: [ view_parse ] --START--
NOTIC: [8] Undefined index: totalNum F:\WWW\think_book\Home\Runtime\Cache\a922e71da519cd676852871a100d6228.php 第 71 行.
INFO: Run ParseTemplate Behavior [ RunTime:0.048003s ]
INFO: [ view_parse ] --END-- [ RunTime:0.048003s ]
INFO: [ view_filter ] --START--
INFO: Run ContentReplace Behavior [ RunTime:0.002000s ]
INFO: Run TokenBuild Behavior [ RunTime:0.002000s ]
INFO: Run WriteHtmlCache Behavior [ RunTime:0.002000s ]
INFO: Run ShowRuntime Behavior [ RunTime:0.002001s ]
INFO: [ view_filter ] --END-- [ RunTime:0.008001s ]
INFO: [ view_end ] --START--
INFO: Run ShowPageTrace Behavior [ RunTime:0.002000s ]
INFO: [ view_end ] --END-- [ RunTime:0.002000s ]

[ 2015-05-16T09:02:29+08:00 ] 0.0.0.0 /think_book/index.php/Cart/doCart?id=1
INFO: [ route_check ] --START--
INFO: Run CheckRoute Behavior [ RunTime:0.001000s ]
INFO: [ route_check ] --END-- [ RunTime:0.001000s ]
INFO: [ app_begin ] --START--
INFO: Run ReadHtmlCache Behavior [ RunTime:0.001000s ]
INFO: [ app_begin ] --END-- [ RunTime:0.001000s ]
SQL: SHOW COLUMNS FROM `book` [ RunTime:0.012000s ]
SQL: SELECT * FROM `book` WHERE ( `bno` = 1 ) LIMIT 1   [ RunTime:0.001000s ]
NOTIC: [8] Undefined index: cart F:\WWW\think_book\Home\Lib\Action\CartAction.class.php 第 16 行.

[ 2015-05-16T09:02:33+08:00 ] 0.0.0.0 /think_book/index.php/Cart/cart
INFO: [ route_check ] --START--
INFO: Run CheckRoute Behavior [ RunTime:0.002000s ]
INFO: [ route_check ] --END-- [ RunTime:0.002000s ]
INFO: [ app_begin ] --START--
INFO: Run ReadHtmlCache Behavior [ RunTime:0.001001s ]
INFO: [ app_begin ] --END-- [ RunTime:0.001001s ]
INFO: [ view_template ] --START--
INFO: Run LocationTemplate Behavior [ RunTime:0.002000s ]
INFO: [ view_template ] --END-- [ RunTime:0.002000s ]
INFO: [ view_parse ] --START--
INFO: Run ParseTemplate Behavior [ RunTime:0.061003s ]
INFO: [ view_parse ] --END-- [ RunTime:0.062003s ]
INFO: [ view_filter ] --START--
INFO: Run ContentReplace Behavior [ RunTime:0.001000s ]
INFO: Run TokenBuild Behavior [ RunTime:0.001000s ]
INFO: Run WriteHtmlCache Behavior [ RunTime:0.001000s ]
INFO: Run ShowRuntime Behavior [ RunTime:0.001001s ]
INFO: [ view_filter ] --END-- [ RunTime:0.004001s ]
INFO: [ view_end ] --START--
INFO: Run ShowPageTrace Behavior [ RunTime:0.002000s ]
INFO: [ view_end ] --END-- [ RunTime:0.002000s ]

[ 2015-05-16T09:02:37+08:00 ] 0.0.0.0 /think_book/index.php/Cart/cart
INFO: [ route_check ] --START--
INFO: Run CheckRoute Behavior [ RunTime:0.001000s ]
INFO: [ route_check ] --END-- [ RunTime:0.001000s ]
INFO: [ app_begin ] --START--
INFO: Run ReadHtmlCache Behavior [ RunTime:0.001000s ]
INFO: [ app_begin ] --END-- [ RunTime:0.001000s ]
INFO: [ view_template ] --START--
INFO: Run LocationTemplate Behavior [ RunTime:0.002000s ]
INFO: [ view_template ] --END-- [ RunTime:0.002000s ]
INFO: [ view_parse ] --START--
INFO: Run ParseTemplate Behavior [ RunTime:0.020001s ]
INFO: [ view_parse ] --END-- [ RunTime:0.021001s ]
INFO: [ view_filter ] --START--
INFO: Run ContentReplace Behavior [ RunTime:0.001000s ]
INFO: Run TokenBuild Behavior [ RunTime:0.000000s ]
INFO: Run WriteHtmlCache Behavior [ RunTime:0.000000s ]
INFO: Run ShowRuntime Behavior [ RunTime:0.001000s ]
INFO: [ view_filter ] --END-- [ RunTime:0.003000s ]
INFO: [ view_end ] --START--
INFO: Run ShowPageTrace Behavior [ RunTime:0.001000s ]
INFO: [ view_end ] --END-- [ RunTime:0.001000s ]

[ 2015-05-16T09:02:40+08:00 ] 0.0.0.0 /think_book/index.php/Cart/subOrder
INFO: [ route_check ] --START--
INFO: Run CheckRoute Behavior [ RunTime:0.002000s ]
INFO: [ route_check ] --END-- [ RunTime:0.002000s ]
INFO: [ app_begin ] --START--
INFO: Run ReadHtmlCache Behavior [ RunTime:0.002000s ]
INFO: [ app_begin ] --END-- [ RunTime:0.002000s ]
SQL: SHOW COLUMNS FROM `order` [ RunTime:0.100006s ]
SQL: INSERT INTO `order` (`serial`,`uid`,`totalNum`,`totalPrice`,`time`,`state`) VALUES ('2015051648545310','1',2,67,1431738160,0) [ RunTime:0.026002s ]
SQL: SHOW COLUMNS FROM `info` [ RunTime:0.052003s ]
SQL: SHOW COLUMNS FROM `book` [ RunTime:0.003000s ]
SQL: INSERT INTO `info` (`iBno`,`num`,`iSerial`) VALUES (1,2,'2015051648545310') [ RunTime:0.013001s ]
SQL: UPDATE `book` SET `stock`=stock-2 WHERE ( `bno` = 1 ) [ RunTime:0.012000s ]
INFO: [ view_template ] --START--
INFO: Run LocationTemplate Behavior [ RunTime:0.001000s ]
INFO: [ view_template ] --END-- [ RunTime:0.001000s ]
INFO: [ view_parse ] --START--
INFO: Run ParseTemplate Behavior [ RunTime:0.006001s ]
INFO: [ view_parse ] --END-- [ RunTime:0.006001s ]
INFO: [ view_filter ] --START--
INFO: Run ContentReplace Behavior [ RunTime:0.000000s ]
INFO: Run TokenBuild Behavior [ RunTime:0.000000s ]
INFO: Run WriteHtmlCache Behavior [ RunTime:0.001000s ]
INFO: Run ShowRuntime Behavior [ RunTime:0.000000s ]
INFO: [ view_filter ] --END-- [ RunTime:0.001000s ]
INFO: [ view_end ] --START--
INFO: Run ShowPageTrace Behavior [ RunTime:0.001000s ]
INFO: [ view_end ] --END-- [ RunTime:0.001000s ]

[ 2015-05-16T09:02:42+08:00 ] 0.0.0.0 /think_book/index.php/Info/order
INFO: [ route_check ] --START--
INFO: Run CheckRoute Behavior [ RunTime:0.001000s ]
INFO: [ route_check ] --END-- [ RunTime:0.001000s ]
INFO: [ app_begin ] --START--
INFO: Run ReadHtmlCache Behavior [ RunTime:0.001000s ]
INFO: [ app_begin ] --END-- [ RunTime:0.001000s ]
SQL: SHOW COLUMNS FROM `order` [ RunTime:0.011000s ]
SQL: SELECT COUNT(*) AS tp_count FROM `order` WHERE ( `uid` = 1 ) LIMIT 1   [ RunTime:0.002000s ]
SQL: SELECT * FROM `order` WHERE ( `uid` = 1 ) ORDER BY time desc LIMIT 0,10   [ RunTime:0.002000s ]
SQL: SHOW COLUMNS FROM `user` [ RunTime:0.011001s ]
SQL: SELECT `username` FROM `user` WHERE ( 1=1 AND id='1' ) LIMIT 1   [ RunTime:0.049003s ]
SQL: SELECT `username` FROM `user` WHERE ( 1=1 AND id='1' ) LIMIT 1   [ RunTime:0.001000s ]
SQL: SELECT `username` FROM `user` WHERE ( 1=1 AND id='1' ) LIMIT 1   [ RunTime:0.001000s ]
SQL: SELECT `username` FROM `user` WHERE ( 1=1 AND id='1' ) LIMIT 1   [ RunTime:0.000000s ]
SQL: SELECT `username` FROM `user` WHERE ( 1=1 AND id='1' ) LIMIT 1   [ RunTime:0.001000s ]
SQL: SELECT `username` FROM `user` WHERE ( 1=1 AND id='1' ) LIMIT 1   [ RunTime:0.001000s ]
SQL: SELECT `username` FROM `user` WHERE ( 1=1 AND id='1' ) LIMIT 1   [ RunTime:0.000000s ]
SQL: SELECT `username` FROM `user` WHERE ( 1=1 AND id='1' ) LIMIT 1   [ RunTime:0.001000s ]
SQL: SELECT `username` FROM `user` WHERE ( 1=1 AND id='1' ) LIMIT 1   [ RunTime:0.001000s ]
SQL: SELECT `username` FROM `user` WHERE ( 1=1 AND id='1' ) LIMIT 1   [ RunTime:0.001001s ]
INFO: [ view_template ] --START--
INFO: Run LocationTemplate Behavior [ RunTime:0.003000s ]
INFO: [ view_template ] --END-- [ RunTime:0.003000s ]
INFO: [ view_parse ] --START--
NOTIC: [8] Undefined index: totalNum F:\WWW\think_book\Home\Runtime\Cache\0f79a86dcb55868decf0c9d8793cccc3.php 第 57 行.
INFO: Run ParseTemplate Behavior [ RunTime:0.034002s ]
INFO: [ view_parse ] --END-- [ RunTime:0.034002s ]
INFO: [ view_filter ] --START--
INFO: Run ContentReplace Behavior [ RunTime:0.000000s ]
INFO: Run TokenBuild Behavior [ RunTime:0.000000s ]
INFO: Run WriteHtmlCache Behavior [ RunTime:0.001000s ]
INFO: Run ShowRuntime Behavior [ RunTime:0.000000s ]
INFO: [ view_filter ] --END-- [ RunTime:0.002000s ]
INFO: [ view_end ] --START--
INFO: Run ShowPageTrace Behavior [ RunTime:0.001000s ]
INFO: [ view_end ] --END-- [ RunTime:0.001000s ]

[ 2015-05-16T09:02:58+08:00 ] 0.0.0.0 /think_book/index.php/Login/login
INFO: [ route_check ] --START--
INFO: Run CheckRoute Behavior [ RunTime:0.001000s ]
INFO: [ route_check ] --END-- [ RunTime:0.001000s ]
INFO: [ app_begin ] --START--
INFO: Run ReadHtmlCache Behavior [ RunTime:0.001000s ]
INFO: [ app_begin ] --END-- [ RunTime:0.001000s ]
NOTIC: [8] Undefined index: type F:\WWW\think_book\Home\Lib\Action\LoginAction.class.php 第 5 行.
INFO: [ view_template ] --START--
INFO: Run LocationTemplate Behavior [ RunTime:0.000000s ]
INFO: [ view_template ] --END-- [ RunTime:0.000000s ]
INFO: [ view_parse ] --START--
NOTIC: [8] Undefined variable: data F:\WWW\think_book\Home\Runtime\Cache\f0141568474d93d9ce184ea430bd6b17.php 第 47 行.
INFO: Run ParseTemplate Behavior [ RunTime:0.008000s ]
INFO: [ view_parse ] --END-- [ RunTime:0.008000s ]
INFO: [ view_filter ] --START--
INFO: Run ContentReplace Behavior [ RunTime:0.000000s ]
INFO: Run TokenBuild Behavior [ RunTime:0.000000s ]
INFO: Run WriteHtmlCache Behavior [ RunTime:0.001000s ]
INFO: Run ShowRuntime Behavior [ RunTime:0.000000s ]
INFO: [ view_filter ] --END-- [ RunTime:0.002000s ]
INFO: [ view_end ] --START--
INFO: Run ShowPageTrace Behavior [ RunTime:0.001000s ]
INFO: [ view_end ] --END-- [ RunTime:0.001000s ]

[ 2015-05-16T09:02:58+08:00 ] 0.0.0.0 /think_book/index.php/Public/code
INFO: [ route_check ] --START--
INFO: Run CheckRoute Behavior [ RunTime:0.000000s ]
INFO: [ route_check ] --END-- [ RunTime:0.000000s ]
INFO: [ app_begin ] --START--
INFO: Run ReadHtmlCache Behavior [ RunTime:0.000000s ]
INFO: [ app_begin ] --END-- [ RunTime:0.000000s ]

[ 2015-05-16T09:04:08+08:00 ] 0.0.0.0 /think_book/index.php/Info/order
INFO: [ route_check ] --START--
INFO: Run CheckRoute Behavior [ RunTime:0.001000s ]
INFO: [ route_check ] --END-- [ RunTime:0.001000s ]
INFO: [ app_begin ] --START--
INFO: Run ReadHtmlCache Behavior [ RunTime:0.001000s ]
INFO: [ app_begin ] --END-- [ RunTime:0.001000s ]
SQL: SHOW COLUMNS FROM `order` [ RunTime:0.009001s ]
SQL: SELECT COUNT(*) AS tp_count FROM `order` WHERE ( `uid` = 1 ) LIMIT 1   [ RunTime:0.001000s ]
SQL: SELECT * FROM `order` WHERE ( `uid` = 1 ) ORDER BY time desc LIMIT 0,10   [ RunTime:0.001000s ]
SQL: SHOW COLUMNS FROM `user` [ RunTime:0.009001s ]
SQL: SELECT `username` FROM `user` WHERE ( 1=1 AND id='1' ) LIMIT 1   [ RunTime:0.001000s ]
SQL: SELECT `username` FROM `user` WHERE ( 1=1 AND id='1' ) LIMIT 1   [ RunTime:0.001000s ]
SQL: SELECT `username` FROM `user` WHERE ( 1=1 AND id='1' ) LIMIT 1   [ RunTime:0.001000s ]
SQL: SELECT `username` FROM `user` WHERE ( 1=1 AND id='1' ) LIMIT 1   [ RunTime:0.001000s ]
SQL: SELECT `username` FROM `user` WHERE ( 1=1 AND id='1' ) LIMIT 1   [ RunTime:0.000000s ]
SQL: SELECT `username` FROM `user` WHERE ( 1=1 AND id='1' ) LIMIT 1   [ RunTime:0.001000s ]
SQL: SELECT `username` FROM `user` WHERE ( 1=1 AND id='1' ) LIMIT 1   [ RunTime:0.001000s ]
SQL: SELECT `username` FROM `user` WHERE ( 1=1 AND id='1' ) LIMIT 1   [ RunTime:0.001000s ]
SQL: SELECT `username` FROM `user` WHERE ( 1=1 AND id='1' ) LIMIT 1   [ RunTime:0.000000s ]
SQL: SELECT `username` FROM `user` WHERE ( 1=1 AND id='1' ) LIMIT 1   [ RunTime:0.001000s ]
INFO: [ view_template ] --START--
INFO: Run LocationTemplate Behavior [ RunTime:0.002000s ]
INFO: [ view_template ] --END-- [ RunTime:0.002000s ]
INFO: [ view_parse ] --START--
NOTIC: [8] Undefined index: totalNum F:\WWW\think_book\Home\Runtime\Cache\0f79a86dcb55868decf0c9d8793cccc3.php 第 57 行.
INFO: Run ParseTemplate Behavior [ RunTime:0.019001s ]
INFO: [ view_parse ] --END-- [ RunTime:0.019001s ]
INFO: [ view_filter ] --START--
INFO: Run ContentReplace Behavior [ RunTime:0.001000s ]
INFO: Run TokenBuild Behavior [ RunTime:0.000000s ]
INFO: Run WriteHtmlCache Behavior [ RunTime:0.001000s ]
INFO: Run ShowRuntime Behavior [ RunTime:0.000000s ]
INFO: [ view_filter ] --END-- [ RunTime:0.003000s ]
INFO: [ view_end ] --START--
INFO: Run ShowPageTrace Behavior [ RunTime:0.000000s ]
INFO: [ view_end ] --END-- [ RunTime:0.000000s ]

[ 2015-05-16T09:05:30+08:00 ] 0.0.0.0 /think_book/index.php/
INFO: [ route_check ] --START--
INFO: Run CheckRoute Behavior [ RunTime:0.003000s ]
INFO: [ route_check ] --END-- [ RunTime:0.004000s ]
INFO: [ app_begin ] --START--
INFO: Run ReadHtmlCache Behavior [ RunTime:0.002001s ]
INFO: [ app_begin ] --END-- [ RunTime:0.002001s ]
SQL: SHOW COLUMNS FROM `book` [ RunTime:0.011000s ]
SQL: SELECT * FROM `book`  [ RunTime:0.003000s ]
INFO: [ view_template ] --START--
INFO: Run LocationTemplate Behavior [ RunTime:0.004001s ]
INFO: [ view_template ] --END-- [ RunTime:0.004001s ]
INFO: [ view_parse ] --START--
NOTIC: [8] Undefined index: totalNum F:\WWW\think_book\Home\Runtime\Cache\7e4848229090366086cc7eeb3bfc0798.php 第 58 行.
INFO: Run ParseTemplate Behavior [ RunTime:0.045002s ]
INFO: [ view_parse ] --END-- [ RunTime:0.045002s ]
INFO: [ view_filter ] --START--
INFO: Run ContentReplace Behavior [ RunTime:0.002000s ]
INFO: Run TokenBuild Behavior [ RunTime:0.001000s ]
INFO: Run WriteHtmlCache Behavior [ RunTime:0.001000s ]
INFO: Run ShowRuntime Behavior [ RunTime:0.001001s ]
INFO: [ view_filter ] --END-- [ RunTime:0.005001s ]
INFO: [ view_end ] --START--
INFO: Run ShowPageTrace Behavior [ RunTime:0.002000s ]
INFO: [ view_end ] --END-- [ RunTime:0.002000s ]

